(---------------------------------------------------------------------)
(                                                                     )
(    DRC Update                                                       )
(                                                                     )
(    Drawing          : importedfromaltium_174a_nosym.brd             )
(    Software Version : 17.4S029                                      )
(    Date/Time        : Sun Jul  3 00:08:02 2022                      )
(                                                                     )
(---------------------------------------------------------------------)


 ========= check shapes                       0:00:00
 ========= check standalone pins              0:00:00
 ========= check symbols (pins,lines,text)    0:00:00
 ========= check xnets                        0:00:00
 ========= check nets                         0:00:00
 ========= check standalone branches          0:00:00
 ========= check standalone filled rectangles 0:00:00
 ========= check standalone lines             0:00:00
 ========= check standalone text              0:00:00
 ========= check standalone rectangles        0:00:00

 ..... Total number of DRC errors  124938


WARNING: 10 dynamic shape(s) out of date; checking skipped on these elements.

 ..... DRC update completed, total CPU time   0:00:11
 *************************************************************************

