(---------------------------------------------------------------------)
(                                                                     )
(    DRC Update                                                       )
(                                                                     )
(    Drawing          : importedfromaltium_174a_nosym.brd             )
(    Software Version : 17.4S029                                      )
(    Date/Time        : Sun Jul  3 00:09:25 2022                      )
(                                                                     )
(---------------------------------------------------------------------)


 ========= check     249 shapes                       0:00:00
 ========= check       0 standalone pins              0:00:00
 ========= check     116 symbols (pins,lines,text)    0:00:00
 ========= check       0 xnets                        0:00:00
 ========= check    1782 nets                         0:00:00
 ========= check      13 standalone branches          0:00:00
 ========= check     200 standalone filled rectangles 0:00:00
 ========= check  184303 standalone lines             0:00:00
 ========= check     200 standalone text              0:00:00
 ========= check       0 standalone rectangles        0:00:00

 ..... Total number of DRC errors  124938


WARNING: 10 dynamic shape(s) out of date;checking skipped on these elements.

 ..... DRC update completed, total CPU time   0:00:11
 *************************************************************************

