Fri May 22 13:47:46 2015

Project path: D:\Vb-Master\Mas\MAS Generico\keyin.icdb

Env. WDIR: C:\WDIR\7.9.5EE;C:\MentorGraphics\7.9.5EE\SDD_HOME\standard
WDIRs: 
	C:\WDIR\7.9.5EE
	C:\MentorGraphics\7.9.5EE\SDD_HOME\standard

Loaded cns files: 
	C:\WDIR\7.9.5EE\user.cns=3138-9585-ad2c-36cf-bd5b-4e40-e5b4-e450-230a-bc5c-ac5a-86c5
	C:\MentorGraphics\7.9.5EE\SDD_HOME\standard\ce_ee.cns=7.10.24 (read-only)

Loaded cns - data stored in database: C:\WDIR\7.9.5EE\user.cns=3138-9585-ad2c-36cf-bd5b-4e40-e5b4-e450-230a-bc5c-ac5a-86c5;C:\MentorGraphics\7.9.5EE\SDD_HOME\standard\ce_ee.cns=7.10.24
Before global upgrade from version: 7.10.23 to version: 7.10.24

Constraints definition "DSN_DESIGN_CENTER" added.
BeforeGlobalUpgrade took 30ms, 0s

Upgrade snapshot PCB
UpgradeSnapshot took 0ms, 0s

Upgrade snapshot PCB_Layout_Temp
UpgradeSnapshot took 0ms, 0s

After global upgrade
Set database cns file versions: ce_ee.cns=7.10.24;user.cns=3138-9585-ad2c-36cf-bd5b-4e40-e5b4-e450-230a-bc5c-ac5a-86c5
AfterGlobalUpgrade took 0ms, 0s

